The system is: Linux - 4.4.0-57-generic - x86_64
Compiling the C compiler identification source file "CMakeCCompilerId.c" succeeded.
Compiler: /PROJ/oip/SDK/MG_20170106_M11_7.0.165p/MV_Tools/bin/arm-none-linux-gnueabi-gcc -march=armv7-a;-mfloat-abi=hard;-mfpu=neon;-mthumb-interwork;-mno-unaligned-access
Build flags: -isystem/home/uidj4668/ADK_GWM/imx6x-std-adk/armv7a-mv-linux/usr/include;;-fexpensive-optimizations;-fomit-frame-pointer;-frename-registers;-O2;-g;-Wall;-Wformat;-Wunused-but-set-variable;-Wformat-security;-Werror=format-security;-fstack-protector-all;-fpic;-fpie;-D_FORTIFY_SOURCE=2
Id flags: 

The output was:
0


Compilation of the C compiler identification source "CMakeCCompilerId.c" produced "a.out"

The C compiler identification is GNU, found in "/home/uidj4668/github/video_practice/fbdev/imx6x-std-armv7a/demo_link/build/CMakeFiles/CompilerIdC/a.out"

Compiling the CXX compiler identification source file "CMakeCXXCompilerId.cpp" succeeded.
Compiler: /PROJ/oip/SDK/MG_20170106_M11_7.0.165p/MV_Tools/bin/arm-none-linux-gnueabi-g++ -march=armv7-a;-mfloat-abi=hard;-mfpu=neon;-mthumb-interwork;-mno-unaligned-access
Build flags: -isystem/home/uidj4668/ADK_GWM/imx6x-std-adk/armv7a-mv-linux/usr/include;;-fexpensive-optimizations;-fomit-frame-pointer;-frename-registers;-O2;-g;-Wall;-Wformat;-Wunused-but-set-variable;-Wformat-security;-Werror=format-security;-fstack-protector-all;-fpic;-fpie;-D_FORTIFY_SOURCE=2;-fpermissive
Id flags: 

The output was:
0


Compilation of the CXX compiler identification source "CMakeCXXCompilerId.cpp" produced "a.out"

The CXX compiler identification is GNU, found in "/home/uidj4668/github/video_practice/fbdev/imx6x-std-armv7a/demo_link/build/CMakeFiles/CompilerIdCXX/a.out"

Determining if the C compiler works passed with the following output:
Change Dir: /home/uidj4668/github/video_practice/fbdev/imx6x-std-armv7a/demo_link/build/CMakeFiles/CMakeTmp

Run Build Command:/home/uidj4668/ADK_GWM/imx6x-std-adk/x86_64-linux/usr/bin/make "cmTryCompileExec/fast"
/home/uidj4668/ADK_GWM/imx6x-std-adk/x86_64-linux/usr/bin/make -f CMakeFiles/cmTryCompileExec.dir/build.make CMakeFiles/cmTryCompileExec.dir/build
make[1]: Entering directory `/home/uidj4668/github/video_practice/fbdev/imx6x-std-armv7a/demo_link/build/CMakeFiles/CMakeTmp'
/home/uidj4668/ADK_GWM/imx6x-std-adk/x86_64-linux/usr/bin/cmake -E cmake_progress_report /home/uidj4668/github/video_practice/fbdev/imx6x-std-armv7a/demo_link/build/CMakeFiles/CMakeTmp/CMakeFiles 1
Building C object CMakeFiles/cmTryCompileExec.dir/testCCompiler.c.o
/PROJ/oip/SDK/MG_20170106_M11_7.0.165p/MV_Tools/bin/arm-none-linux-gnueabi-gcc    -march=armv7-a -mfloat-abi=hard -mfpu=neon -mthumb-interwork -mno-unaligned-access  -isystem/home/uidj4668/ADK_GWM/imx6x-std-adk/armv7a-mv-linux/usr/include  -fexpensive-optimizations -fomit-frame-pointer -frename-registers -O2 -g -Wall -Wformat -Wunused-but-set-variable -Wformat-security -Werror=format-security -fstack-protector-all -fpic -fpie -D_FORTIFY_SOURCE=2      -o CMakeFiles/cmTryCompileExec.dir/testCCompiler.c.o   -c /home/uidj4668/github/video_practice/fbdev/imx6x-std-armv7a/demo_link/build/CMakeFiles/CMakeTmp/testCCompiler.c
Linking C executable cmTryCompileExec
/home/uidj4668/ADK_GWM/imx6x-std-adk/x86_64-linux/usr/bin/cmake -E cmake_link_script CMakeFiles/cmTryCompileExec.dir/link.txt --verbose=1
/PROJ/oip/SDK/MG_20170106_M11_7.0.165p/MV_Tools/bin/arm-none-linux-gnueabi-gcc    -march=armv7-a -mfloat-abi=hard -mfpu=neon -mthumb-interwork -mno-unaligned-access  -isystem/home/uidj4668/ADK_GWM/imx6x-std-adk/armv7a-mv-linux/usr/include  -fexpensive-optimizations -fomit-frame-pointer -frename-registers -O2 -g -Wall -Wformat -Wunused-but-set-variable -Wformat-security -Werror=format-security -fstack-protector-all -fpic -fpie -D_FORTIFY_SOURCE=2      -L/home/uidj4668/ADK_GWM/imx6x-std-adk/armv7a-mv-linux/usr/lib -Wl,-rpath-link,/home/uidj4668/ADK_GWM/imx6x-std-adk/armv7a-mv-linux/usr/lib -Wl,-O1  CMakeFiles/cmTryCompileExec.dir/testCCompiler.c.o  -o cmTryCompileExec -rdynamic 
make[1]: Leaving directory `/home/uidj4668/github/video_practice/fbdev/imx6x-std-armv7a/demo_link/build/CMakeFiles/CMakeTmp'


Detecting C compiler ABI info compiled with the following output:
Change Dir: /home/uidj4668/github/video_practice/fbdev/imx6x-std-armv7a/demo_link/build/CMakeFiles/CMakeTmp

Run Build Command:/home/uidj4668/ADK_GWM/imx6x-std-adk/x86_64-linux/usr/bin/make "cmTryCompileExec/fast"
/home/uidj4668/ADK_GWM/imx6x-std-adk/x86_64-linux/usr/bin/make -f CMakeFiles/cmTryCompileExec.dir/build.make CMakeFiles/cmTryCompileExec.dir/build
make[1]: Entering directory `/home/uidj4668/github/video_practice/fbdev/imx6x-std-armv7a/demo_link/build/CMakeFiles/CMakeTmp'
/home/uidj4668/ADK_GWM/imx6x-std-adk/x86_64-linux/usr/bin/cmake -E cmake_progress_report /home/uidj4668/github/video_practice/fbdev/imx6x-std-armv7a/demo_link/build/CMakeFiles/CMakeTmp/CMakeFiles 1
Building C object CMakeFiles/cmTryCompileExec.dir/CMakeCCompilerABI.c.o
/PROJ/oip/SDK/MG_20170106_M11_7.0.165p/MV_Tools/bin/arm-none-linux-gnueabi-gcc    -march=armv7-a -mfloat-abi=hard -mfpu=neon -mthumb-interwork -mno-unaligned-access  -isystem/home/uidj4668/ADK_GWM/imx6x-std-adk/armv7a-mv-linux/usr/include  -fexpensive-optimizations -fomit-frame-pointer -frename-registers -O2 -g -Wall -Wformat -Wunused-but-set-variable -Wformat-security -Werror=format-security -fstack-protector-all -fpic -fpie -D_FORTIFY_SOURCE=2      -o CMakeFiles/cmTryCompileExec.dir/CMakeCCompilerABI.c.o   -c /home/uidj4668/ADK_GWM/imx6x-std-adk/x86_64-linux/usr/share/cmake-2.8/Modules/CMakeCCompilerABI.c
Linking C executable cmTryCompileExec
/home/uidj4668/ADK_GWM/imx6x-std-adk/x86_64-linux/usr/bin/cmake -E cmake_link_script CMakeFiles/cmTryCompileExec.dir/link.txt --verbose=1
/PROJ/oip/SDK/MG_20170106_M11_7.0.165p/MV_Tools/bin/arm-none-linux-gnueabi-gcc    -march=armv7-a -mfloat-abi=hard -mfpu=neon -mthumb-interwork -mno-unaligned-access  -isystem/home/uidj4668/ADK_GWM/imx6x-std-adk/armv7a-mv-linux/usr/include  -fexpensive-optimizations -fomit-frame-pointer -frename-registers -O2 -g -Wall -Wformat -Wunused-but-set-variable -Wformat-security -Werror=format-security -fstack-protector-all -fpic -fpie -D_FORTIFY_SOURCE=2     -v CMakeFiles/cmTryCompileExec.dir/CMakeCCompilerABI.c.o  -o cmTryCompileExec -rdynamic  
Using built-in specs.
COLLECT_GCC=/PROJ/oip/SDK/MG_20170106_M11_7.0.165p/MV_Tools/bin/arm-none-linux-gnueabi-gcc
COLLECT_LTO_WRAPPER=/PROJ/oip/SDK/MG_20170106_M11_7.0.165p/MV_Tools/bin/../libexec/gcc/arm-none-linux-gnueabi/4.8.3/lto-wrapper
Target: arm-none-linux-gnueabi
Configured with: /scratch/cbbuilds/builds/2014.05/arm-none-sourceryg++/src/gcc-4.8-2014.05/configure --build=i686-pc-linux-gnu --host=i686-pc-linux-gnu --target=arm-none-linux-gnueabi --enable-threads --disable-libmudflap --disable-libssp --disable-libstdcxx-pch --enable-extra-sgxx-multilibs --with-arch=armv5te --with-gnu-as --with-gnu-ld --with-specs='%{save-temps: -fverbose-asm} %{funwind-tables|fno-unwind-tables|mabi=*|ffreestanding|nostdlib:;:-funwind-tables} -D__CS_SOURCERYGXX_MAJ__=2014 -D__CS_SOURCERYGXX_MIN__=5 -D__CS_SOURCERYGXX_REV__=80' --enable-languages=c,c++ --enable-shared --enable-lto --enable-symvers=gnu --enable-__cxa_atexit --with-pkgversion='Sourcery CodeBench 2014.05-80' --with-bugurl=https://sourcery.mentor.com/GNUToolchain/ --disable-nls --prefix=/opt/codesourcery --with-sysroot=/opt/codesourcery/arm-none-linux-gnueabi/libc --with-build-sysroot=/scratch/cbbuilds/builds/2014.05/arm-none-sourceryg++/install/arm-none-linux-gnueabi-sourceryg++/opt/codesourcery/arm-none-linux-gnueabi/libc --with-gmp=/scratch/cbbuilds/builds/2014.05/arm-none-sourceryg++/obj/arm-none-linux-gnueabi-sourceryg++/pkg-2014.05-80-arm-none-linux-gnueabi/sourceryg++-2014.05-80-arm-none-linux-gnueabi.extras/host-libs-i686-pc-linux-gnu/usr --with-mpfr=/scratch/cbbuilds/builds/2014.05/arm-none-sourceryg++/obj/arm-none-linux-gnueabi-sourceryg++/pkg-2014.05-80-arm-none-linux-gnueabi/sourceryg++-2014.05-80-arm-none-linux-gnueabi.extras/host-libs-i686-pc-linux-gnu/usr --with-mpc=/scratch/cbbuilds/builds/2014.05/arm-none-sourceryg++/obj/arm-none-linux-gnueabi-sourceryg++/pkg-2014.05-80-arm-none-linux-gnueabi/sourceryg++-2014.05-80-arm-none-linux-gnueabi.extras/host-libs-i686-pc-linux-gnu/usr --with-isl=/scratch/cbbuilds/builds/2014.05/arm-none-sourceryg++/obj/arm-none-linux-gnueabi-sourceryg++/pkg-2014.05-80-arm-none-linux-gnueabi/sourceryg++-2014.05-80-arm-none-linux-gnueabi.extras/host-libs-i686-pc-linux-gnu/usr --with-cloog=/scratch/cbbuilds/builds/2014.05/arm-none-sourceryg++/obj/arm-none-linux-gnueabi-sourceryg++/pkg-2014.05-80-arm-none-linux-gnueabi/sourceryg++-2014.05-80-arm-none-linux-gnueabi.extras/host-libs-i686-pc-linux-gnu/usr --with-libelf=/scratch/cbbuilds/builds/2014.05/arm-none-sourceryg++/obj/arm-none-linux-gnueabi-sourceryg++/pkg-2014.05-80-arm-none-linux-gnueabi/sourceryg++-2014.05-80-arm-none-linux-gnueabi.extras/host-libs-i686-pc-linux-gnu/usr --enable-libgomp --disable-libitm --enable-libatomic --disable-libssp --disable-libcc1 --with-license=/scratch/cbbuilds/builds/2014.05/arm-none-sourceryg++/obj/arm-none-linux-gnueabi-sourceryg++/pkg-2014.05-80-arm-none-linux-gnueabi/sourceryg++-2014.05-80-arm-none-linux-gnueabi.extras/host-libs-i686-pc-linux-gnu/usr --with-csl-license-version=20160726 --with-csl-license-feature=gcc_ARM_GNULinux --enable-poison-system-directories --with-debug-prefix-map='/scratch/cbbuilds/builds/2014.05/arm-none-sourceryg++/install/arm-none-linux-gnueabi-sourceryg++/opt/codesourcery=/opt/codesourcery 	    /scratch/cbbuilds/builds/2014.05/arm-none-sourceryg++/src/gcc-4.8-2014.05=/opt/codesourcery/arm-none-linux-gnueabi/src/gcc /scratch/cbbuilds/builds/2014.05/arm-none-sourceryg++/obj/arm-none-linux-gnueabi-sourceryg++/gcc-2014.05-80-arm-none-linux-gnueabi-i686-pc-linux-gnu=/opt/codesourcery/arm-none-linux-gnueabi/src/generated/gcc' --with-python-dir=arm-none-linux-gnueabi/share/gdb/python --with-build-time-tools=/scratch/cbbuilds/builds/2014.05/arm-none-sourceryg++/install/arm-none-linux-gnueabi-sourceryg++/opt/codesourcery/arm-none-linux-gnueabi/bin --with-build-time-tools=/scratch/cbbuilds/builds/2014.05/arm-none-sourceryg++/install/arm-none-linux-gnueabi-sourceryg++/opt/codesourcery/arm-none-linux-gnueabi/bin SED=sed
Thread model: posix
gcc version 4.8.3 20140320 (prerelease) (Sourcery CodeBench 2014.05-80) 
COMPILER_PATH=/PROJ/oip/SDK/MG_20170106_M11_7.0.165p/MV_Tools/bin/../libexec/gcc/arm-none-linux-gnueabi/4.8.3/:/PROJ/oip/SDK/MG_20170106_M11_7.0.165p/MV_Tools/bin/../libexec/gcc/:/PROJ/oip/SDK/MG_20170106_M11_7.0.165p/MV_Tools/bin/../lib/gcc/arm-none-linux-gnueabi/4.8.3/../../../../arm-none-linux-gnueabi/bin/
LIBRARY_PATH=/PROJ/oip/SDK/MG_20170106_M11_7.0.165p/MV_Tools/bin/../lib/gcc/arm-none-linux-gnueabi/4.8.3/armv7-a-hard/:/PROJ/oip/SDK/MG_20170106_M11_7.0.165p/MV_Tools/bin/../lib/gcc/arm-none-linux-gnueabi/4.8.3/../../../../arm-none-linux-gnueabi/lib/armv7-a-hard/:/PROJ/oip/SDK/MG_20170106_M11_7.0.165p/MV_Tools/bin/../lib/gcc/arm-none-linux-gnueabi/4.8.3/:/PROJ/oip/SDK/MG_20170106_M11_7.0.165p/MV_Tools/bin/../lib/gcc/:/PROJ/oip/SDK/MG_20170106_M11_7.0.165p/MV_Tools/bin/../lib/gcc/arm-none-linux-gnueabi/4.8.3/../../../../arm-none-linux-gnueabi/lib/:/PROJ/oip/SDK/MG_20170106_M11_7.0.165p/MV_Tools/bin/../arm-none-linux-gnueabi/libc/armv7-a-hard/lib/:/PROJ/oip/SDK/MG_20170106_M11_7.0.165p/MV_Tools/bin/../arm-none-linux-gnueabi/libc/armv7-a-hard/usr/lib/
COLLECT_GCC_OPTIONS='-march=armv7-a' '-mfloat-abi=hard' '-mfpu=neon' '-mthumb-interwork' '-mno-unaligned-access' '-isystem' '/home/uidj4668/ADK_GWM/imx6x-std-adk/armv7a-mv-linux/usr/include' '-fexpensive-optimizations' '-fomit-frame-pointer' '-frename-registers' '-O2' '-g' '-Wall' '-Wformat=1' '-Wunused-but-set-variable' '-Wformat-security' '-Werror=format-security' '-fstack-protector-all' '-fpie' '-D' '_FORTIFY_SOURCE=2' '-v' '-o' 'cmTryCompileExec' '-rdynamic' '-mtls-dialect=gnu' '-funwind-tables' '-D' '__CS_SOURCERYGXX_MAJ__=2014' '-D' '__CS_SOURCERYGXX_MIN__=5' '-D' '__CS_SOURCERYGXX_REV__=80'
 /PROJ/oip/SDK/MG_20170106_M11_7.0.165p/MV_Tools/bin/../libexec/gcc/arm-none-linux-gnueabi/4.8.3/collect2 --sysroot=/PROJ/oip/SDK/MG_20170106_M11_7.0.165p/MV_Tools/bin/../arm-none-linux-gnueabi/libc/armv7-a-hard --eh-frame-hdr -export-dynamic -dynamic-linker /lib/ld-linux-armhf.so.3 -X -m armelf_linux_eabi -o cmTryCompileExec /PROJ/oip/SDK/MG_20170106_M11_7.0.165p/MV_Tools/bin/../arm-none-linux-gnueabi/libc/armv7-a-hard/usr/lib/crt1.o /PROJ/oip/SDK/MG_20170106_M11_7.0.165p/MV_Tools/bin/../arm-none-linux-gnueabi/libc/armv7-a-hard/usr/lib/crti.o /PROJ/oip/SDK/MG_20170106_M11_7.0.165p/MV_Tools/bin/../lib/gcc/arm-none-linux-gnueabi/4.8.3/armv7-a-hard/crtbegin.o -L/PROJ/oip/SDK/MG_20170106_M11_7.0.165p/MV_Tools/bin/../lib/gcc/arm-none-linux-gnueabi/4.8.3/armv7-a-hard -L/PROJ/oip/SDK/MG_20170106_M11_7.0.165p/MV_Tools/bin/../lib/gcc/arm-none-linux-gnueabi/4.8.3/../../../../arm-none-linux-gnueabi/lib/armv7-a-hard -L/PROJ/oip/SDK/MG_20170106_M11_7.0.165p/MV_Tools/bin/../lib/gcc/arm-none-linux-gnueabi/4.8.3 -L/PROJ/oip/SDK/MG_20170106_M11_7.0.165p/MV_Tools/bin/../lib/gcc -L/PROJ/oip/SDK/MG_20170106_M11_7.0.165p/MV_Tools/bin/../lib/gcc/arm-none-linux-gnueabi/4.8.3/../../../../arm-none-linux-gnueabi/lib -L/PROJ/oip/SDK/MG_20170106_M11_7.0.165p/MV_Tools/bin/../arm-none-linux-gnueabi/libc/armv7-a-hard/lib -L/PROJ/oip/SDK/MG_20170106_M11_7.0.165p/MV_Tools/bin/../arm-none-linux-gnueabi/libc/armv7-a-hard/usr/lib CMakeFiles/cmTryCompileExec.dir/CMakeCCompilerABI.c.o -lgcc --as-needed -lgcc_s --no-as-needed -lc -lgcc --as-needed -lgcc_s --no-as-needed /PROJ/oip/SDK/MG_20170106_M11_7.0.165p/MV_Tools/bin/../lib/gcc/arm-none-linux-gnueabi/4.8.3/armv7-a-hard/crtend.o /PROJ/oip/SDK/MG_20170106_M11_7.0.165p/MV_Tools/bin/../arm-none-linux-gnueabi/libc/armv7-a-hard/usr/lib/crtn.o
make[1]: Leaving directory `/home/uidj4668/github/video_practice/fbdev/imx6x-std-armv7a/demo_link/build/CMakeFiles/CMakeTmp'


Parsed C implicit link information from above output:
  link line regex: [^( *|.*[/\])(ld|ld|collect2)[^/\]*( |$)]
  ignore line: [Change Dir: /home/uidj4668/github/video_practice/fbdev/imx6x-std-armv7a/demo_link/build/CMakeFiles/CMakeTmp]
  ignore line: []
  ignore line: [Run Build Command:/home/uidj4668/ADK_GWM/imx6x-std-adk/x86_64-linux/usr/bin/make "cmTryCompileExec/fast"]
  ignore line: [/home/uidj4668/ADK_GWM/imx6x-std-adk/x86_64-linux/usr/bin/make -f CMakeFiles/cmTryCompileExec.dir/build.make CMakeFiles/cmTryCompileExec.dir/build]
  ignore line: [make[1]: Entering directory `/home/uidj4668/github/video_practice/fbdev/imx6x-std-armv7a/demo_link/build/CMakeFiles/CMakeTmp']
  ignore line: [/home/uidj4668/ADK_GWM/imx6x-std-adk/x86_64-linux/usr/bin/cmake -E cmake_progress_report /home/uidj4668/github/video_practice/fbdev/imx6x-std-armv7a/demo_link/build/CMakeFiles/CMakeTmp/CMakeFiles 1]
  ignore line: [Building C object CMakeFiles/cmTryCompileExec.dir/CMakeCCompilerABI.c.o]
  ignore line: [/PROJ/oip/SDK/MG_20170106_M11_7.0.165p/MV_Tools/bin/arm-none-linux-gnueabi-gcc    -march=armv7-a -mfloat-abi=hard -mfpu=neon -mthumb-interwork -mno-unaligned-access  -isystem/home/uidj4668/ADK_GWM/imx6x-std-adk/armv7a-mv-linux/usr/include  -fexpensive-optimizations -fomit-frame-pointer -frename-registers -O2 -g -Wall -Wformat -Wunused-but-set-variable -Wformat-security -Werror=format-security -fstack-protector-all -fpic -fpie -D_FORTIFY_SOURCE=2      -o CMakeFiles/cmTryCompileExec.dir/CMakeCCompilerABI.c.o   -c /home/uidj4668/ADK_GWM/imx6x-std-adk/x86_64-linux/usr/share/cmake-2.8/Modules/CMakeCCompilerABI.c]
  ignore line: [Linking C executable cmTryCompileExec]
  ignore line: [/home/uidj4668/ADK_GWM/imx6x-std-adk/x86_64-linux/usr/bin/cmake -E cmake_link_script CMakeFiles/cmTryCompileExec.dir/link.txt --verbose=1]
  ignore line: [/PROJ/oip/SDK/MG_20170106_M11_7.0.165p/MV_Tools/bin/arm-none-linux-gnueabi-gcc    -march=armv7-a -mfloat-abi=hard -mfpu=neon -mthumb-interwork -mno-unaligned-access  -isystem/home/uidj4668/ADK_GWM/imx6x-std-adk/armv7a-mv-linux/usr/include  -fexpensive-optimizations -fomit-frame-pointer -frename-registers -O2 -g -Wall -Wformat -Wunused-but-set-variable -Wformat-security -Werror=format-security -fstack-protector-all -fpic -fpie -D_FORTIFY_SOURCE=2     -v CMakeFiles/cmTryCompileExec.dir/CMakeCCompilerABI.c.o  -o cmTryCompileExec -rdynamic  ]
  ignore line: [Using built-in specs.]
  ignore line: [COLLECT_GCC=/PROJ/oip/SDK/MG_20170106_M11_7.0.165p/MV_Tools/bin/arm-none-linux-gnueabi-gcc]
  ignore line: [COLLECT_LTO_WRAPPER=/PROJ/oip/SDK/MG_20170106_M11_7.0.165p/MV_Tools/bin/../libexec/gcc/arm-none-linux-gnueabi/4.8.3/lto-wrapper]
  ignore line: [Target: arm-none-linux-gnueabi]
  ignore line: [Configured with: /scratch/cbbuilds/builds/2014.05/arm-none-sourceryg++/src/gcc-4.8-2014.05/configure --build=i686-pc-linux-gnu --host=i686-pc-linux-gnu --target=arm-none-linux-gnueabi --enable-threads --disable-libmudflap --disable-libssp --disable-libstdcxx-pch --enable-extra-sgxx-multilibs --with-arch=armv5te --with-gnu-as --with-gnu-ld --with-specs='%{save-temps: -fverbose-asm} %{funwind-tables|fno-unwind-tables|mabi=*|ffreestanding|nostdlib:]
  ignore line: [:-funwind-tables} -D__CS_SOURCERYGXX_MAJ__=2014 -D__CS_SOURCERYGXX_MIN__=5 -D__CS_SOURCERYGXX_REV__=80' --enable-languages=c,c++ --enable-shared --enable-lto --enable-symvers=gnu --enable-__cxa_atexit --with-pkgversion='Sourcery CodeBench 2014.05-80' --with-bugurl=https://sourcery.mentor.com/GNUToolchain/ --disable-nls --prefix=/opt/codesourcery --with-sysroot=/opt/codesourcery/arm-none-linux-gnueabi/libc --with-build-sysroot=/scratch/cbbuilds/builds/2014.05/arm-none-sourceryg++/install/arm-none-linux-gnueabi-sourceryg++/opt/codesourcery/arm-none-linux-gnueabi/libc --with-gmp=/scratch/cbbuilds/builds/2014.05/arm-none-sourceryg++/obj/arm-none-linux-gnueabi-sourceryg++/pkg-2014.05-80-arm-none-linux-gnueabi/sourceryg++-2014.05-80-arm-none-linux-gnueabi.extras/host-libs-i686-pc-linux-gnu/usr --with-mpfr=/scratch/cbbuilds/builds/2014.05/arm-none-sourceryg++/obj/arm-none-linux-gnueabi-sourceryg++/pkg-2014.05-80-arm-none-linux-gnueabi/sourceryg++-2014.05-80-arm-none-linux-gnueabi.extras/host-libs-i686-pc-linux-gnu/usr --with-mpc=/scratch/cbbuilds/builds/2014.05/arm-none-sourceryg++/obj/arm-none-linux-gnueabi-sourceryg++/pkg-2014.05-80-arm-none-linux-gnueabi/sourceryg++-2014.05-80-arm-none-linux-gnueabi.extras/host-libs-i686-pc-linux-gnu/usr --with-isl=/scratch/cbbuilds/builds/2014.05/arm-none-sourceryg++/obj/arm-none-linux-gnueabi-sourceryg++/pkg-2014.05-80-arm-none-linux-gnueabi/sourceryg++-2014.05-80-arm-none-linux-gnueabi.extras/host-libs-i686-pc-linux-gnu/usr --with-cloog=/scratch/cbbuilds/builds/2014.05/arm-none-sourceryg++/obj/arm-none-linux-gnueabi-sourceryg++/pkg-2014.05-80-arm-none-linux-gnueabi/sourceryg++-2014.05-80-arm-none-linux-gnueabi.extras/host-libs-i686-pc-linux-gnu/usr --with-libelf=/scratch/cbbuilds/builds/2014.05/arm-none-sourceryg++/obj/arm-none-linux-gnueabi-sourceryg++/pkg-2014.05-80-arm-none-linux-gnueabi/sourceryg++-2014.05-80-arm-none-linux-gnueabi.extras/host-libs-i686-pc-linux-gnu/usr --enable-libgomp --disable-libitm --enable-libatomic --disable-libssp --disable-libcc1 --with-license=/scratch/cbbuilds/builds/2014.05/arm-none-sourceryg++/obj/arm-none-linux-gnueabi-sourceryg++/pkg-2014.05-80-arm-none-linux-gnueabi/sourceryg++-2014.05-80-arm-none-linux-gnueabi.extras/host-libs-i686-pc-linux-gnu/usr --with-csl-license-version=20160726 --with-csl-license-feature=gcc_ARM_GNULinux --enable-poison-system-directories --with-debug-prefix-map='/scratch/cbbuilds/builds/2014.05/arm-none-sourceryg++/install/arm-none-linux-gnueabi-sourceryg++/opt/codesourcery=/opt/codesourcery 	    /scratch/cbbuilds/builds/2014.05/arm-none-sourceryg++/src/gcc-4.8-2014.05=/opt/codesourcery/arm-none-linux-gnueabi/src/gcc /scratch/cbbuilds/builds/2014.05/arm-none-sourceryg++/obj/arm-none-linux-gnueabi-sourceryg++/gcc-2014.05-80-arm-none-linux-gnueabi-i686-pc-linux-gnu=/opt/codesourcery/arm-none-linux-gnueabi/src/generated/gcc' --with-python-dir=arm-none-linux-gnueabi/share/gdb/python --with-build-time-tools=/scratch/cbbuilds/builds/2014.05/arm-none-sourceryg++/install/arm-none-linux-gnueabi-sourceryg++/opt/codesourcery/arm-none-linux-gnueabi/bin --with-build-time-tools=/scratch/cbbuilds/builds/2014.05/arm-none-sourceryg++/install/arm-none-linux-gnueabi-sourceryg++/opt/codesourcery/arm-none-linux-gnueabi/bin SED=sed]
  ignore line: [Thread model: posix]
  ignore line: [gcc version 4.8.3 20140320 (prerelease) (Sourcery CodeBench 2014.05-80) ]
  ignore line: [COMPILER_PATH=/PROJ/oip/SDK/MG_20170106_M11_7.0.165p/MV_Tools/bin/../libexec/gcc/arm-none-linux-gnueabi/4.8.3/:/PROJ/oip/SDK/MG_20170106_M11_7.0.165p/MV_Tools/bin/../libexec/gcc/:/PROJ/oip/SDK/MG_20170106_M11_7.0.165p/MV_Tools/bin/../lib/gcc/arm-none-linux-gnueabi/4.8.3/../../../../arm-none-linux-gnueabi/bin/]
  ignore line: [LIBRARY_PATH=/PROJ/oip/SDK/MG_20170106_M11_7.0.165p/MV_Tools/bin/../lib/gcc/arm-none-linux-gnueabi/4.8.3/armv7-a-hard/:/PROJ/oip/SDK/MG_20170106_M11_7.0.165p/MV_Tools/bin/../lib/gcc/arm-none-linux-gnueabi/4.8.3/../../../../arm-none-linux-gnueabi/lib/armv7-a-hard/:/PROJ/oip/SDK/MG_20170106_M11_7.0.165p/MV_Tools/bin/../lib/gcc/arm-none-linux-gnueabi/4.8.3/:/PROJ/oip/SDK/MG_20170106_M11_7.0.165p/MV_Tools/bin/../lib/gcc/:/PROJ/oip/SDK/MG_20170106_M11_7.0.165p/MV_Tools/bin/../lib/gcc/arm-none-linux-gnueabi/4.8.3/../../../../arm-none-linux-gnueabi/lib/:/PROJ/oip/SDK/MG_20170106_M11_7.0.165p/MV_Tools/bin/../arm-none-linux-gnueabi/libc/armv7-a-hard/lib/:/PROJ/oip/SDK/MG_20170106_M11_7.0.165p/MV_Tools/bin/../arm-none-linux-gnueabi/libc/armv7-a-hard/usr/lib/]
  ignore line: [COLLECT_GCC_OPTIONS='-march=armv7-a' '-mfloat-abi=hard' '-mfpu=neon' '-mthumb-interwork' '-mno-unaligned-access' '-isystem' '/home/uidj4668/ADK_GWM/imx6x-std-adk/armv7a-mv-linux/usr/include' '-fexpensive-optimizations' '-fomit-frame-pointer' '-frename-registers' '-O2' '-g' '-Wall' '-Wformat=1' '-Wunused-but-set-variable' '-Wformat-security' '-Werror=format-security' '-fstack-protector-all' '-fpie' '-D' '_FORTIFY_SOURCE=2' '-v' '-o' 'cmTryCompileExec' '-rdynamic' '-mtls-dialect=gnu' '-funwind-tables' '-D' '__CS_SOURCERYGXX_MAJ__=2014' '-D' '__CS_SOURCERYGXX_MIN__=5' '-D' '__CS_SOURCERYGXX_REV__=80']
  link line: [ /PROJ/oip/SDK/MG_20170106_M11_7.0.165p/MV_Tools/bin/../libexec/gcc/arm-none-linux-gnueabi/4.8.3/collect2 --sysroot=/PROJ/oip/SDK/MG_20170106_M11_7.0.165p/MV_Tools/bin/../arm-none-linux-gnueabi/libc/armv7-a-hard --eh-frame-hdr -export-dynamic -dynamic-linker /lib/ld-linux-armhf.so.3 -X -m armelf_linux_eabi -o cmTryCompileExec /PROJ/oip/SDK/MG_20170106_M11_7.0.165p/MV_Tools/bin/../arm-none-linux-gnueabi/libc/armv7-a-hard/usr/lib/crt1.o /PROJ/oip/SDK/MG_20170106_M11_7.0.165p/MV_Tools/bin/../arm-none-linux-gnueabi/libc/armv7-a-hard/usr/lib/crti.o /PROJ/oip/SDK/MG_20170106_M11_7.0.165p/MV_Tools/bin/../lib/gcc/arm-none-linux-gnueabi/4.8.3/armv7-a-hard/crtbegin.o -L/PROJ/oip/SDK/MG_20170106_M11_7.0.165p/MV_Tools/bin/../lib/gcc/arm-none-linux-gnueabi/4.8.3/armv7-a-hard -L/PROJ/oip/SDK/MG_20170106_M11_7.0.165p/MV_Tools/bin/../lib/gcc/arm-none-linux-gnueabi/4.8.3/../../../../arm-none-linux-gnueabi/lib/armv7-a-hard -L/PROJ/oip/SDK/MG_20170106_M11_7.0.165p/MV_Tools/bin/../lib/gcc/arm-none-linux-gnueabi/4.8.3 -L/PROJ/oip/SDK/MG_20170106_M11_7.0.165p/MV_Tools/bin/../lib/gcc -L/PROJ/oip/SDK/MG_20170106_M11_7.0.165p/MV_Tools/bin/../lib/gcc/arm-none-linux-gnueabi/4.8.3/../../../../arm-none-linux-gnueabi/lib -L/PROJ/oip/SDK/MG_20170106_M11_7.0.165p/MV_Tools/bin/../arm-none-linux-gnueabi/libc/armv7-a-hard/lib -L/PROJ/oip/SDK/MG_20170106_M11_7.0.165p/MV_Tools/bin/../arm-none-linux-gnueabi/libc/armv7-a-hard/usr/lib CMakeFiles/cmTryCompileExec.dir/CMakeCCompilerABI.c.o -lgcc --as-needed -lgcc_s --no-as-needed -lc -lgcc --as-needed -lgcc_s --no-as-needed /PROJ/oip/SDK/MG_20170106_M11_7.0.165p/MV_Tools/bin/../lib/gcc/arm-none-linux-gnueabi/4.8.3/armv7-a-hard/crtend.o /PROJ/oip/SDK/MG_20170106_M11_7.0.165p/MV_Tools/bin/../arm-none-linux-gnueabi/libc/armv7-a-hard/usr/lib/crtn.o]
    arg [/PROJ/oip/SDK/MG_20170106_M11_7.0.165p/MV_Tools/bin/../libexec/gcc/arm-none-linux-gnueabi/4.8.3/collect2] ==> ignore
    arg [--sysroot=/PROJ/oip/SDK/MG_20170106_M11_7.0.165p/MV_Tools/bin/../arm-none-linux-gnueabi/libc/armv7-a-hard] ==> ignore
    arg [--eh-frame-hdr] ==> ignore
    arg [-export-dynamic] ==> ignore
    arg [-dynamic-linker] ==> ignore
    arg [/lib/ld-linux-armhf.so.3] ==> ignore
    arg [-X] ==> ignore
    arg [-m] ==> ignore
    arg [armelf_linux_eabi] ==> ignore
    arg [-o] ==> ignore
    arg [cmTryCompileExec] ==> ignore
    arg [/PROJ/oip/SDK/MG_20170106_M11_7.0.165p/MV_Tools/bin/../arm-none-linux-gnueabi/libc/armv7-a-hard/usr/lib/crt1.o] ==> ignore
    arg [/PROJ/oip/SDK/MG_20170106_M11_7.0.165p/MV_Tools/bin/../arm-none-linux-gnueabi/libc/armv7-a-hard/usr/lib/crti.o] ==> ignore
    arg [/PROJ/oip/SDK/MG_20170106_M11_7.0.165p/MV_Tools/bin/../lib/gcc/arm-none-linux-gnueabi/4.8.3/armv7-a-hard/crtbegin.o] ==> ignore
    arg [-L/PROJ/oip/SDK/MG_20170106_M11_7.0.165p/MV_Tools/bin/../lib/gcc/arm-none-linux-gnueabi/4.8.3/armv7-a-hard] ==> dir [/PROJ/oip/SDK/MG_20170106_M11_7.0.165p/MV_Tools/bin/../lib/gcc/arm-none-linux-gnueabi/4.8.3/armv7-a-hard]
    arg [-L/PROJ/oip/SDK/MG_20170106_M11_7.0.165p/MV_Tools/bin/../lib/gcc/arm-none-linux-gnueabi/4.8.3/../../../../arm-none-linux-gnueabi/lib/armv7-a-hard] ==> dir [/PROJ/oip/SDK/MG_20170106_M11_7.0.165p/MV_Tools/bin/../lib/gcc/arm-none-linux-gnueabi/4.8.3/../../../../arm-none-linux-gnueabi/lib/armv7-a-hard]
    arg [-L/PROJ/oip/SDK/MG_20170106_M11_7.0.165p/MV_Tools/bin/../lib/gcc/arm-none-linux-gnueabi/4.8.3] ==> dir [/PROJ/oip/SDK/MG_20170106_M11_7.0.165p/MV_Tools/bin/../lib/gcc/arm-none-linux-gnueabi/4.8.3]
    arg [-L/PROJ/oip/SDK/MG_20170106_M11_7.0.165p/MV_Tools/bin/../lib/gcc] ==> dir [/PROJ/oip/SDK/MG_20170106_M11_7.0.165p/MV_Tools/bin/../lib/gcc]
    arg [-L/PROJ/oip/SDK/MG_20170106_M11_7.0.165p/MV_Tools/bin/../lib/gcc/arm-none-linux-gnueabi/4.8.3/../../../../arm-none-linux-gnueabi/lib] ==> dir [/PROJ/oip/SDK/MG_20170106_M11_7.0.165p/MV_Tools/bin/../lib/gcc/arm-none-linux-gnueabi/4.8.3/../../../../arm-none-linux-gnueabi/lib]
    arg [-L/PROJ/oip/SDK/MG_20170106_M11_7.0.165p/MV_Tools/bin/../arm-none-linux-gnueabi/libc/armv7-a-hard/lib] ==> dir [/PROJ/oip/SDK/MG_20170106_M11_7.0.165p/MV_Tools/bin/../arm-none-linux-gnueabi/libc/armv7-a-hard/lib]
    arg [-L/PROJ/oip/SDK/MG_20170106_M11_7.0.165p/MV_Tools/bin/../arm-none-linux-gnueabi/libc/armv7-a-hard/usr/lib] ==> dir [/PROJ/oip/SDK/MG_20170106_M11_7.0.165p/MV_Tools/bin/../arm-none-linux-gnueabi/libc/armv7-a-hard/usr/lib]
    arg [CMakeFiles/cmTryCompileExec.dir/CMakeCCompilerABI.c.o] ==> ignore
    arg [-lgcc] ==> lib [gcc]
    arg [--as-needed] ==> ignore
    arg [-lgcc_s] ==> lib [gcc_s]
    arg [--no-as-needed] ==> ignore
    arg [-lc] ==> lib [c]
    arg [-lgcc] ==> lib [gcc]
    arg [--as-needed] ==> ignore
    arg [-lgcc_s] ==> lib [gcc_s]
    arg [--no-as-needed] ==> ignore
    arg [/PROJ/oip/SDK/MG_20170106_M11_7.0.165p/MV_Tools/bin/../lib/gcc/arm-none-linux-gnueabi/4.8.3/armv7-a-hard/crtend.o] ==> ignore
    arg [/PROJ/oip/SDK/MG_20170106_M11_7.0.165p/MV_Tools/bin/../arm-none-linux-gnueabi/libc/armv7-a-hard/usr/lib/crtn.o] ==> ignore
  remove lib [gcc]
  remove lib [gcc_s]
  remove lib [gcc]
  remove lib [gcc_s]
  collapse dir [/PROJ/oip/SDK/MG_20170106_M11_7.0.165p/MV_Tools/bin/../lib/gcc/arm-none-linux-gnueabi/4.8.3/armv7-a-hard] ==> [/PROJ/oip/SDK/MG_20170106_M11_7.0.165p/MV_Tools/lib/gcc/arm-none-linux-gnueabi/4.8.3/armv7-a-hard]
  collapse dir [/PROJ/oip/SDK/MG_20170106_M11_7.0.165p/MV_Tools/bin/../lib/gcc/arm-none-linux-gnueabi/4.8.3/../../../../arm-none-linux-gnueabi/lib/armv7-a-hard] ==> [/PROJ/oip/SDK/MG_20170106_M11_7.0.165p/MV_Tools/arm-none-linux-gnueabi/lib/armv7-a-hard]
  collapse dir [/PROJ/oip/SDK/MG_20170106_M11_7.0.165p/MV_Tools/bin/../lib/gcc/arm-none-linux-gnueabi/4.8.3] ==> [/PROJ/oip/SDK/MG_20170106_M11_7.0.165p/MV_Tools/lib/gcc/arm-none-linux-gnueabi/4.8.3]
  collapse dir [/PROJ/oip/SDK/MG_20170106_M11_7.0.165p/MV_Tools/bin/../lib/gcc] ==> [/PROJ/oip/SDK/MG_20170106_M11_7.0.165p/MV_Tools/lib/gcc]
  collapse dir [/PROJ/oip/SDK/MG_20170106_M11_7.0.165p/MV_Tools/bin/../lib/gcc/arm-none-linux-gnueabi/4.8.3/../../../../arm-none-linux-gnueabi/lib] ==> [/PROJ/oip/SDK/MG_20170106_M11_7.0.165p/MV_Tools/arm-none-linux-gnueabi/lib]
  collapse dir [/PROJ/oip/SDK/MG_20170106_M11_7.0.165p/MV_Tools/bin/../arm-none-linux-gnueabi/libc/armv7-a-hard/lib] ==> [/PROJ/oip/SDK/MG_20170106_M11_7.0.165p/MV_Tools/arm-none-linux-gnueabi/libc/armv7-a-hard/lib]
  collapse dir [/PROJ/oip/SDK/MG_20170106_M11_7.0.165p/MV_Tools/bin/../arm-none-linux-gnueabi/libc/armv7-a-hard/usr/lib] ==> [/PROJ/oip/SDK/MG_20170106_M11_7.0.165p/MV_Tools/arm-none-linux-gnueabi/libc/armv7-a-hard/usr/lib]
  implicit libs: [c]
  implicit dirs: [/PROJ/oip/SDK/MG_20170106_M11_7.0.165p/MV_Tools/lib/gcc/arm-none-linux-gnueabi/4.8.3/armv7-a-hard;/PROJ/oip/SDK/MG_20170106_M11_7.0.165p/MV_Tools/arm-none-linux-gnueabi/lib/armv7-a-hard;/PROJ/oip/SDK/MG_20170106_M11_7.0.165p/MV_Tools/lib/gcc/arm-none-linux-gnueabi/4.8.3;/PROJ/oip/SDK/MG_20170106_M11_7.0.165p/MV_Tools/lib/gcc;/PROJ/oip/SDK/MG_20170106_M11_7.0.165p/MV_Tools/arm-none-linux-gnueabi/lib;/PROJ/oip/SDK/MG_20170106_M11_7.0.165p/MV_Tools/arm-none-linux-gnueabi/libc/armv7-a-hard/lib;/PROJ/oip/SDK/MG_20170106_M11_7.0.165p/MV_Tools/arm-none-linux-gnueabi/libc/armv7-a-hard/usr/lib]


Determining if the CXX compiler works passed with the following output:
Change Dir: /home/uidj4668/github/video_practice/fbdev/imx6x-std-armv7a/demo_link/build/CMakeFiles/CMakeTmp

Run Build Command:/home/uidj4668/ADK_GWM/imx6x-std-adk/x86_64-linux/usr/bin/make "cmTryCompileExec/fast"
/home/uidj4668/ADK_GWM/imx6x-std-adk/x86_64-linux/usr/bin/make -f CMakeFiles/cmTryCompileExec.dir/build.make CMakeFiles/cmTryCompileExec.dir/build
make[1]: Entering directory `/home/uidj4668/github/video_practice/fbdev/imx6x-std-armv7a/demo_link/build/CMakeFiles/CMakeTmp'
/home/uidj4668/ADK_GWM/imx6x-std-adk/x86_64-linux/usr/bin/cmake -E cmake_progress_report /home/uidj4668/github/video_practice/fbdev/imx6x-std-armv7a/demo_link/build/CMakeFiles/CMakeTmp/CMakeFiles 1
Building CXX object CMakeFiles/cmTryCompileExec.dir/testCXXCompiler.cxx.o
/PROJ/oip/SDK/MG_20170106_M11_7.0.165p/MV_Tools/bin/arm-none-linux-gnueabi-g++    -march=armv7-a -mfloat-abi=hard -mfpu=neon -mthumb-interwork -mno-unaligned-access   -isystem/home/uidj4668/ADK_GWM/imx6x-std-adk/armv7a-mv-linux/usr/include  -fexpensive-optimizations -fomit-frame-pointer -frename-registers -O2 -g -Wall -Wformat -Wunused-but-set-variable -Wformat-security -Werror=format-security -fstack-protector-all -fpic -fpie -D_FORTIFY_SOURCE=2 -fpermissive      -o CMakeFiles/cmTryCompileExec.dir/testCXXCompiler.cxx.o -c /home/uidj4668/github/video_practice/fbdev/imx6x-std-armv7a/demo_link/build/CMakeFiles/CMakeTmp/testCXXCompiler.cxx
Linking CXX executable cmTryCompileExec
/home/uidj4668/ADK_GWM/imx6x-std-adk/x86_64-linux/usr/bin/cmake -E cmake_link_script CMakeFiles/cmTryCompileExec.dir/link.txt --verbose=1
/PROJ/oip/SDK/MG_20170106_M11_7.0.165p/MV_Tools/bin/arm-none-linux-gnueabi-g++    -march=armv7-a -mfloat-abi=hard -mfpu=neon -mthumb-interwork -mno-unaligned-access   -isystem/home/uidj4668/ADK_GWM/imx6x-std-adk/armv7a-mv-linux/usr/include  -fexpensive-optimizations -fomit-frame-pointer -frename-registers -O2 -g -Wall -Wformat -Wunused-but-set-variable -Wformat-security -Werror=format-security -fstack-protector-all -fpic -fpie -D_FORTIFY_SOURCE=2 -fpermissive      -L/home/uidj4668/ADK_GWM/imx6x-std-adk/armv7a-mv-linux/usr/lib -Wl,-rpath-link,/home/uidj4668/ADK_GWM/imx6x-std-adk/armv7a-mv-linux/usr/lib -Wl,-O1  CMakeFiles/cmTryCompileExec.dir/testCXXCompiler.cxx.o  -o cmTryCompileExec -rdynamic 
make[1]: Leaving directory `/home/uidj4668/github/video_practice/fbdev/imx6x-std-armv7a/demo_link/build/CMakeFiles/CMakeTmp'


Detecting CXX compiler ABI info compiled with the following output:
Change Dir: /home/uidj4668/github/video_practice/fbdev/imx6x-std-armv7a/demo_link/build/CMakeFiles/CMakeTmp

Run Build Command:/home/uidj4668/ADK_GWM/imx6x-std-adk/x86_64-linux/usr/bin/make "cmTryCompileExec/fast"
/home/uidj4668/ADK_GWM/imx6x-std-adk/x86_64-linux/usr/bin/make -f CMakeFiles/cmTryCompileExec.dir/build.make CMakeFiles/cmTryCompileExec.dir/build
make[1]: Entering directory `/home/uidj4668/github/video_practice/fbdev/imx6x-std-armv7a/demo_link/build/CMakeFiles/CMakeTmp'
/home/uidj4668/ADK_GWM/imx6x-std-adk/x86_64-linux/usr/bin/cmake -E cmake_progress_report /home/uidj4668/github/video_practice/fbdev/imx6x-std-armv7a/demo_link/build/CMakeFiles/CMakeTmp/CMakeFiles 1
Building CXX object CMakeFiles/cmTryCompileExec.dir/CMakeCXXCompilerABI.cpp.o
/PROJ/oip/SDK/MG_20170106_M11_7.0.165p/MV_Tools/bin/arm-none-linux-gnueabi-g++    -march=armv7-a -mfloat-abi=hard -mfpu=neon -mthumb-interwork -mno-unaligned-access   -isystem/home/uidj4668/ADK_GWM/imx6x-std-adk/armv7a-mv-linux/usr/include  -fexpensive-optimizations -fomit-frame-pointer -frename-registers -O2 -g -Wall -Wformat -Wunused-but-set-variable -Wformat-security -Werror=format-security -fstack-protector-all -fpic -fpie -D_FORTIFY_SOURCE=2 -fpermissive      -o CMakeFiles/cmTryCompileExec.dir/CMakeCXXCompilerABI.cpp.o -c /home/uidj4668/ADK_GWM/imx6x-std-adk/x86_64-linux/usr/share/cmake-2.8/Modules/CMakeCXXCompilerABI.cpp
Linking CXX executable cmTryCompileExec
/home/uidj4668/ADK_GWM/imx6x-std-adk/x86_64-linux/usr/bin/cmake -E cmake_link_script CMakeFiles/cmTryCompileExec.dir/link.txt --verbose=1
/PROJ/oip/SDK/MG_20170106_M11_7.0.165p/MV_Tools/bin/arm-none-linux-gnueabi-g++    -march=armv7-a -mfloat-abi=hard -mfpu=neon -mthumb-interwork -mno-unaligned-access   -isystem/home/uidj4668/ADK_GWM/imx6x-std-adk/armv7a-mv-linux/usr/include  -fexpensive-optimizations -fomit-frame-pointer -frename-registers -O2 -g -Wall -Wformat -Wunused-but-set-variable -Wformat-security -Werror=format-security -fstack-protector-all -fpic -fpie -D_FORTIFY_SOURCE=2 -fpermissive     -v CMakeFiles/cmTryCompileExec.dir/CMakeCXXCompilerABI.cpp.o  -o cmTryCompileExec -rdynamic  
Using built-in specs.
COLLECT_GCC=/PROJ/oip/SDK/MG_20170106_M11_7.0.165p/MV_Tools/bin/arm-none-linux-gnueabi-g++
COLLECT_LTO_WRAPPER=/PROJ/oip/SDK/MG_20170106_M11_7.0.165p/MV_Tools/bin/../libexec/gcc/arm-none-linux-gnueabi/4.8.3/lto-wrapper
Target: arm-none-linux-gnueabi
Configured with: /scratch/cbbuilds/builds/2014.05/arm-none-sourceryg++/src/gcc-4.8-2014.05/configure --build=i686-pc-linux-gnu --host=i686-pc-linux-gnu --target=arm-none-linux-gnueabi --enable-threads --disable-libmudflap --disable-libssp --disable-libstdcxx-pch --enable-extra-sgxx-multilibs --with-arch=armv5te --with-gnu-as --with-gnu-ld --with-specs='%{save-temps: -fverbose-asm} %{funwind-tables|fno-unwind-tables|mabi=*|ffreestanding|nostdlib:;:-funwind-tables} -D__CS_SOURCERYGXX_MAJ__=2014 -D__CS_SOURCERYGXX_MIN__=5 -D__CS_SOURCERYGXX_REV__=80' --enable-languages=c,c++ --enable-shared --enable-lto --enable-symvers=gnu --enable-__cxa_atexit --with-pkgversion='Sourcery CodeBench 2014.05-80' --with-bugurl=https://sourcery.mentor.com/GNUToolchain/ --disable-nls --prefix=/opt/codesourcery --with-sysroot=/opt/codesourcery/arm-none-linux-gnueabi/libc --with-build-sysroot=/scratch/cbbuilds/builds/2014.05/arm-none-sourceryg++/install/arm-none-linux-gnueabi-sourceryg++/opt/codesourcery/arm-none-linux-gnueabi/libc --with-gmp=/scratch/cbbuilds/builds/2014.05/arm-none-sourceryg++/obj/arm-none-linux-gnueabi-sourceryg++/pkg-2014.05-80-arm-none-linux-gnueabi/sourceryg++-2014.05-80-arm-none-linux-gnueabi.extras/host-libs-i686-pc-linux-gnu/usr --with-mpfr=/scratch/cbbuilds/builds/2014.05/arm-none-sourceryg++/obj/arm-none-linux-gnueabi-sourceryg++/pkg-2014.05-80-arm-none-linux-gnueabi/sourceryg++-2014.05-80-arm-none-linux-gnueabi.extras/host-libs-i686-pc-linux-gnu/usr --with-mpc=/scratch/cbbuilds/builds/2014.05/arm-none-sourceryg++/obj/arm-none-linux-gnueabi-sourceryg++/pkg-2014.05-80-arm-none-linux-gnueabi/sourceryg++-2014.05-80-arm-none-linux-gnueabi.extras/host-libs-i686-pc-linux-gnu/usr --with-isl=/scratch/cbbuilds/builds/2014.05/arm-none-sourceryg++/obj/arm-none-linux-gnueabi-sourceryg++/pkg-2014.05-80-arm-none-linux-gnueabi/sourceryg++-2014.05-80-arm-none-linux-gnueabi.extras/host-libs-i686-pc-linux-gnu/usr --with-cloog=/scratch/cbbuilds/builds/2014.05/arm-none-sourceryg++/obj/arm-none-linux-gnueabi-sourceryg++/pkg-2014.05-80-arm-none-linux-gnueabi/sourceryg++-2014.05-80-arm-none-linux-gnueabi.extras/host-libs-i686-pc-linux-gnu/usr --with-libelf=/scratch/cbbuilds/builds/2014.05/arm-none-sourceryg++/obj/arm-none-linux-gnueabi-sourceryg++/pkg-2014.05-80-arm-none-linux-gnueabi/sourceryg++-2014.05-80-arm-none-linux-gnueabi.extras/host-libs-i686-pc-linux-gnu/usr --enable-libgomp --disable-libitm --enable-libatomic --disable-libssp --disable-libcc1 --with-license=/scratch/cbbuilds/builds/2014.05/arm-none-sourceryg++/obj/arm-none-linux-gnueabi-sourceryg++/pkg-2014.05-80-arm-none-linux-gnueabi/sourceryg++-2014.05-80-arm-none-linux-gnueabi.extras/host-libs-i686-pc-linux-gnu/usr --with-csl-license-version=20160726 --with-csl-license-feature=gcc_ARM_GNULinux --enable-poison-system-directories --with-debug-prefix-map='/scratch/cbbuilds/builds/2014.05/arm-none-sourceryg++/install/arm-none-linux-gnueabi-sourceryg++/opt/codesourcery=/opt/codesourcery 	    /scratch/cbbuilds/builds/2014.05/arm-none-sourceryg++/src/gcc-4.8-2014.05=/opt/codesourcery/arm-none-linux-gnueabi/src/gcc /scratch/cbbuilds/builds/2014.05/arm-none-sourceryg++/obj/arm-none-linux-gnueabi-sourceryg++/gcc-2014.05-80-arm-none-linux-gnueabi-i686-pc-linux-gnu=/opt/codesourcery/arm-none-linux-gnueabi/src/generated/gcc' --with-python-dir=arm-none-linux-gnueabi/share/gdb/python --with-build-time-tools=/scratch/cbbuilds/builds/2014.05/arm-none-sourceryg++/install/arm-none-linux-gnueabi-sourceryg++/opt/codesourcery/arm-none-linux-gnueabi/bin --with-build-time-tools=/scratch/cbbuilds/builds/2014.05/arm-none-sourceryg++/install/arm-none-linux-gnueabi-sourceryg++/opt/codesourcery/arm-none-linux-gnueabi/bin SED=sed
Thread model: posix
gcc version 4.8.3 20140320 (prerelease) (Sourcery CodeBench 2014.05-80) 
COMPILER_PATH=/PROJ/oip/SDK/MG_20170106_M11_7.0.165p/MV_Tools/bin/../libexec/gcc/arm-none-linux-gnueabi/4.8.3/:/PROJ/oip/SDK/MG_20170106_M11_7.0.165p/MV_Tools/bin/../libexec/gcc/:/PROJ/oip/SDK/MG_20170106_M11_7.0.165p/MV_Tools/bin/../lib/gcc/arm-none-linux-gnueabi/4.8.3/../../../../arm-none-linux-gnueabi/bin/
LIBRARY_PATH=/PROJ/oip/SDK/MG_20170106_M11_7.0.165p/MV_Tools/bin/../lib/gcc/arm-none-linux-gnueabi/4.8.3/armv7-a-hard/:/PROJ/oip/SDK/MG_20170106_M11_7.0.165p/MV_Tools/bin/../lib/gcc/arm-none-linux-gnueabi/4.8.3/../../../../arm-none-linux-gnueabi/lib/armv7-a-hard/:/PROJ/oip/SDK/MG_20170106_M11_7.0.165p/MV_Tools/bin/../lib/gcc/arm-none-linux-gnueabi/4.8.3/:/PROJ/oip/SDK/MG_20170106_M11_7.0.165p/MV_Tools/bin/../lib/gcc/:/PROJ/oip/SDK/MG_20170106_M11_7.0.165p/MV_Tools/bin/../lib/gcc/arm-none-linux-gnueabi/4.8.3/../../../../arm-none-linux-gnueabi/lib/:/PROJ/oip/SDK/MG_20170106_M11_7.0.165p/MV_Tools/bin/../arm-none-linux-gnueabi/libc/armv7-a-hard/lib/:/PROJ/oip/SDK/MG_20170106_M11_7.0.165p/MV_Tools/bin/../arm-none-linux-gnueabi/libc/armv7-a-hard/usr/lib/
COLLECT_GCC_OPTIONS='-march=armv7-a' '-mfloat-abi=hard' '-mfpu=neon' '-mthumb-interwork' '-mno-unaligned-access' '-isystem' '/home/uidj4668/ADK_GWM/imx6x-std-adk/armv7a-mv-linux/usr/include' '-fexpensive-optimizations' '-fomit-frame-pointer' '-frename-registers' '-O2' '-g' '-Wall' '-Wformat=1' '-Wunused-but-set-variable' '-Wformat-security' '-Werror=format-security' '-fstack-protector-all' '-fpie' '-D' '_FORTIFY_SOURCE=2' '-fpermissive' '-v' '-o' 'cmTryCompileExec' '-rdynamic' '-shared-libgcc' '-mtls-dialect=gnu' '-funwind-tables' '-D' '__CS_SOURCERYGXX_MAJ__=2014' '-D' '__CS_SOURCERYGXX_MIN__=5' '-D' '__CS_SOURCERYGXX_REV__=80'
 /PROJ/oip/SDK/MG_20170106_M11_7.0.165p/MV_Tools/bin/../libexec/gcc/arm-none-linux-gnueabi/4.8.3/collect2 --sysroot=/PROJ/oip/SDK/MG_20170106_M11_7.0.165p/MV_Tools/bin/../arm-none-linux-gnueabi/libc/armv7-a-hard --eh-frame-hdr -export-dynamic -dynamic-linker /lib/ld-linux-armhf.so.3 -X -m armelf_linux_eabi -o cmTryCompileExec /PROJ/oip/SDK/MG_20170106_M11_7.0.165p/MV_Tools/bin/../arm-none-linux-gnueabi/libc/armv7-a-hard/usr/lib/crt1.o /PROJ/oip/SDK/MG_20170106_M11_7.0.165p/MV_Tools/bin/../arm-none-linux-gnueabi/libc/armv7-a-hard/usr/lib/crti.o /PROJ/oip/SDK/MG_20170106_M11_7.0.165p/MV_Tools/bin/../lib/gcc/arm-none-linux-gnueabi/4.8.3/armv7-a-hard/crtbegin.o -L/PROJ/oip/SDK/MG_20170106_M11_7.0.165p/MV_Tools/bin/../lib/gcc/arm-none-linux-gnueabi/4.8.3/armv7-a-hard -L/PROJ/oip/SDK/MG_20170106_M11_7.0.165p/MV_Tools/bin/../lib/gcc/arm-none-linux-gnueabi/4.8.3/../../../../arm-none-linux-gnueabi/lib/armv7-a-hard -L/PROJ/oip/SDK/MG_20170106_M11_7.0.165p/MV_Tools/bin/../lib/gcc/arm-none-linux-gnueabi/4.8.3 -L/PROJ/oip/SDK/MG_20170106_M11_7.0.165p/MV_Tools/bin/../lib/gcc -L/PROJ/oip/SDK/MG_20170106_M11_7.0.165p/MV_Tools/bin/../lib/gcc/arm-none-linux-gnueabi/4.8.3/../../../../arm-none-linux-gnueabi/lib -L/PROJ/oip/SDK/MG_20170106_M11_7.0.165p/MV_Tools/bin/../arm-none-linux-gnueabi/libc/armv7-a-hard/lib -L/PROJ/oip/SDK/MG_20170106_M11_7.0.165p/MV_Tools/bin/../arm-none-linux-gnueabi/libc/armv7-a-hard/usr/lib CMakeFiles/cmTryCompileExec.dir/CMakeCXXCompilerABI.cpp.o -lstdc++ -lm -lgcc_s -lgcc -lc -lgcc_s -lgcc /PROJ/oip/SDK/MG_20170106_M11_7.0.165p/MV_Tools/bin/../lib/gcc/arm-none-linux-gnueabi/4.8.3/armv7-a-hard/crtend.o /PROJ/oip/SDK/MG_20170106_M11_7.0.165p/MV_Tools/bin/../arm-none-linux-gnueabi/libc/armv7-a-hard/usr/lib/crtn.o
make[1]: Leaving directory `/home/uidj4668/github/video_practice/fbdev/imx6x-std-armv7a/demo_link/build/CMakeFiles/CMakeTmp'


Parsed CXX implicit link information from above output:
  link line regex: [^( *|.*[/\])(ld|ld|collect2)[^/\]*( |$)]
  ignore line: [Change Dir: /home/uidj4668/github/video_practice/fbdev/imx6x-std-armv7a/demo_link/build/CMakeFiles/CMakeTmp]
  ignore line: []
  ignore line: [Run Build Command:/home/uidj4668/ADK_GWM/imx6x-std-adk/x86_64-linux/usr/bin/make "cmTryCompileExec/fast"]
  ignore line: [/home/uidj4668/ADK_GWM/imx6x-std-adk/x86_64-linux/usr/bin/make -f CMakeFiles/cmTryCompileExec.dir/build.make CMakeFiles/cmTryCompileExec.dir/build]
  ignore line: [make[1]: Entering directory `/home/uidj4668/github/video_practice/fbdev/imx6x-std-armv7a/demo_link/build/CMakeFiles/CMakeTmp']
  ignore line: [/home/uidj4668/ADK_GWM/imx6x-std-adk/x86_64-linux/usr/bin/cmake -E cmake_progress_report /home/uidj4668/github/video_practice/fbdev/imx6x-std-armv7a/demo_link/build/CMakeFiles/CMakeTmp/CMakeFiles 1]
  ignore line: [Building CXX object CMakeFiles/cmTryCompileExec.dir/CMakeCXXCompilerABI.cpp.o]
  ignore line: [/PROJ/oip/SDK/MG_20170106_M11_7.0.165p/MV_Tools/bin/arm-none-linux-gnueabi-g++    -march=armv7-a -mfloat-abi=hard -mfpu=neon -mthumb-interwork -mno-unaligned-access   -isystem/home/uidj4668/ADK_GWM/imx6x-std-adk/armv7a-mv-linux/usr/include  -fexpensive-optimizations -fomit-frame-pointer -frename-registers -O2 -g -Wall -Wformat -Wunused-but-set-variable -Wformat-security -Werror=format-security -fstack-protector-all -fpic -fpie -D_FORTIFY_SOURCE=2 -fpermissive      -o CMakeFiles/cmTryCompileExec.dir/CMakeCXXCompilerABI.cpp.o -c /home/uidj4668/ADK_GWM/imx6x-std-adk/x86_64-linux/usr/share/cmake-2.8/Modules/CMakeCXXCompilerABI.cpp]
  ignore line: [Linking CXX executable cmTryCompileExec]
  ignore line: [/home/uidj4668/ADK_GWM/imx6x-std-adk/x86_64-linux/usr/bin/cmake -E cmake_link_script CMakeFiles/cmTryCompileExec.dir/link.txt --verbose=1]
  ignore line: [/PROJ/oip/SDK/MG_20170106_M11_7.0.165p/MV_Tools/bin/arm-none-linux-gnueabi-g++    -march=armv7-a -mfloat-abi=hard -mfpu=neon -mthumb-interwork -mno-unaligned-access   -isystem/home/uidj4668/ADK_GWM/imx6x-std-adk/armv7a-mv-linux/usr/include  -fexpensive-optimizations -fomit-frame-pointer -frename-registers -O2 -g -Wall -Wformat -Wunused-but-set-variable -Wformat-security -Werror=format-security -fstack-protector-all -fpic -fpie -D_FORTIFY_SOURCE=2 -fpermissive     -v CMakeFiles/cmTryCompileExec.dir/CMakeCXXCompilerABI.cpp.o  -o cmTryCompileExec -rdynamic  ]
  ignore line: [Using built-in specs.]
  ignore line: [COLLECT_GCC=/PROJ/oip/SDK/MG_20170106_M11_7.0.165p/MV_Tools/bin/arm-none-linux-gnueabi-g++]
  ignore line: [COLLECT_LTO_WRAPPER=/PROJ/oip/SDK/MG_20170106_M11_7.0.165p/MV_Tools/bin/../libexec/gcc/arm-none-linux-gnueabi/4.8.3/lto-wrapper]
  ignore line: [Target: arm-none-linux-gnueabi]
  ignore line: [Configured with: /scratch/cbbuilds/builds/2014.05/arm-none-sourceryg++/src/gcc-4.8-2014.05/configure --build=i686-pc-linux-gnu --host=i686-pc-linux-gnu --target=arm-none-linux-gnueabi --enable-threads --disable-libmudflap --disable-libssp --disable-libstdcxx-pch --enable-extra-sgxx-multilibs --with-arch=armv5te --with-gnu-as --with-gnu-ld --with-specs='%{save-temps: -fverbose-asm} %{funwind-tables|fno-unwind-tables|mabi=*|ffreestanding|nostdlib:]
  ignore line: [:-funwind-tables} -D__CS_SOURCERYGXX_MAJ__=2014 -D__CS_SOURCERYGXX_MIN__=5 -D__CS_SOURCERYGXX_REV__=80' --enable-languages=c,c++ --enable-shared --enable-lto --enable-symvers=gnu --enable-__cxa_atexit --with-pkgversion='Sourcery CodeBench 2014.05-80' --with-bugurl=https://sourcery.mentor.com/GNUToolchain/ --disable-nls --prefix=/opt/codesourcery --with-sysroot=/opt/codesourcery/arm-none-linux-gnueabi/libc --with-build-sysroot=/scratch/cbbuilds/builds/2014.05/arm-none-sourceryg++/install/arm-none-linux-gnueabi-sourceryg++/opt/codesourcery/arm-none-linux-gnueabi/libc --with-gmp=/scratch/cbbuilds/builds/2014.05/arm-none-sourceryg++/obj/arm-none-linux-gnueabi-sourceryg++/pkg-2014.05-80-arm-none-linux-gnueabi/sourceryg++-2014.05-80-arm-none-linux-gnueabi.extras/host-libs-i686-pc-linux-gnu/usr --with-mpfr=/scratch/cbbuilds/builds/2014.05/arm-none-sourceryg++/obj/arm-none-linux-gnueabi-sourceryg++/pkg-2014.05-80-arm-none-linux-gnueabi/sourceryg++-2014.05-80-arm-none-linux-gnueabi.extras/host-libs-i686-pc-linux-gnu/usr --with-mpc=/scratch/cbbuilds/builds/2014.05/arm-none-sourceryg++/obj/arm-none-linux-gnueabi-sourceryg++/pkg-2014.05-80-arm-none-linux-gnueabi/sourceryg++-2014.05-80-arm-none-linux-gnueabi.extras/host-libs-i686-pc-linux-gnu/usr --with-isl=/scratch/cbbuilds/builds/2014.05/arm-none-sourceryg++/obj/arm-none-linux-gnueabi-sourceryg++/pkg-2014.05-80-arm-none-linux-gnueabi/sourceryg++-2014.05-80-arm-none-linux-gnueabi.extras/host-libs-i686-pc-linux-gnu/usr --with-cloog=/scratch/cbbuilds/builds/2014.05/arm-none-sourceryg++/obj/arm-none-linux-gnueabi-sourceryg++/pkg-2014.05-80-arm-none-linux-gnueabi/sourceryg++-2014.05-80-arm-none-linux-gnueabi.extras/host-libs-i686-pc-linux-gnu/usr --with-libelf=/scratch/cbbuilds/builds/2014.05/arm-none-sourceryg++/obj/arm-none-linux-gnueabi-sourceryg++/pkg-2014.05-80-arm-none-linux-gnueabi/sourceryg++-2014.05-80-arm-none-linux-gnueabi.extras/host-libs-i686-pc-linux-gnu/usr --enable-libgomp --disable-libitm --enable-libatomic --disable-libssp --disable-libcc1 --with-license=/scratch/cbbuilds/builds/2014.05/arm-none-sourceryg++/obj/arm-none-linux-gnueabi-sourceryg++/pkg-2014.05-80-arm-none-linux-gnueabi/sourceryg++-2014.05-80-arm-none-linux-gnueabi.extras/host-libs-i686-pc-linux-gnu/usr --with-csl-license-version=20160726 --with-csl-license-feature=gcc_ARM_GNULinux --enable-poison-system-directories --with-debug-prefix-map='/scratch/cbbuilds/builds/2014.05/arm-none-sourceryg++/install/arm-none-linux-gnueabi-sourceryg++/opt/codesourcery=/opt/codesourcery 	    /scratch/cbbuilds/builds/2014.05/arm-none-sourceryg++/src/gcc-4.8-2014.05=/opt/codesourcery/arm-none-linux-gnueabi/src/gcc /scratch/cbbuilds/builds/2014.05/arm-none-sourceryg++/obj/arm-none-linux-gnueabi-sourceryg++/gcc-2014.05-80-arm-none-linux-gnueabi-i686-pc-linux-gnu=/opt/codesourcery/arm-none-linux-gnueabi/src/generated/gcc' --with-python-dir=arm-none-linux-gnueabi/share/gdb/python --with-build-time-tools=/scratch/cbbuilds/builds/2014.05/arm-none-sourceryg++/install/arm-none-linux-gnueabi-sourceryg++/opt/codesourcery/arm-none-linux-gnueabi/bin --with-build-time-tools=/scratch/cbbuilds/builds/2014.05/arm-none-sourceryg++/install/arm-none-linux-gnueabi-sourceryg++/opt/codesourcery/arm-none-linux-gnueabi/bin SED=sed]
  ignore line: [Thread model: posix]
  ignore line: [gcc version 4.8.3 20140320 (prerelease) (Sourcery CodeBench 2014.05-80) ]
  ignore line: [COMPILER_PATH=/PROJ/oip/SDK/MG_20170106_M11_7.0.165p/MV_Tools/bin/../libexec/gcc/arm-none-linux-gnueabi/4.8.3/:/PROJ/oip/SDK/MG_20170106_M11_7.0.165p/MV_Tools/bin/../libexec/gcc/:/PROJ/oip/SDK/MG_20170106_M11_7.0.165p/MV_Tools/bin/../lib/gcc/arm-none-linux-gnueabi/4.8.3/../../../../arm-none-linux-gnueabi/bin/]
  ignore line: [LIBRARY_PATH=/PROJ/oip/SDK/MG_20170106_M11_7.0.165p/MV_Tools/bin/../lib/gcc/arm-none-linux-gnueabi/4.8.3/armv7-a-hard/:/PROJ/oip/SDK/MG_20170106_M11_7.0.165p/MV_Tools/bin/../lib/gcc/arm-none-linux-gnueabi/4.8.3/../../../../arm-none-linux-gnueabi/lib/armv7-a-hard/:/PROJ/oip/SDK/MG_20170106_M11_7.0.165p/MV_Tools/bin/../lib/gcc/arm-none-linux-gnueabi/4.8.3/:/PROJ/oip/SDK/MG_20170106_M11_7.0.165p/MV_Tools/bin/../lib/gcc/:/PROJ/oip/SDK/MG_20170106_M11_7.0.165p/MV_Tools/bin/../lib/gcc/arm-none-linux-gnueabi/4.8.3/../../../../arm-none-linux-gnueabi/lib/:/PROJ/oip/SDK/MG_20170106_M11_7.0.165p/MV_Tools/bin/../arm-none-linux-gnueabi/libc/armv7-a-hard/lib/:/PROJ/oip/SDK/MG_20170106_M11_7.0.165p/MV_Tools/bin/../arm-none-linux-gnueabi/libc/armv7-a-hard/usr/lib/]
  ignore line: [COLLECT_GCC_OPTIONS='-march=armv7-a' '-mfloat-abi=hard' '-mfpu=neon' '-mthumb-interwork' '-mno-unaligned-access' '-isystem' '/home/uidj4668/ADK_GWM/imx6x-std-adk/armv7a-mv-linux/usr/include' '-fexpensive-optimizations' '-fomit-frame-pointer' '-frename-registers' '-O2' '-g' '-Wall' '-Wformat=1' '-Wunused-but-set-variable' '-Wformat-security' '-Werror=format-security' '-fstack-protector-all' '-fpie' '-D' '_FORTIFY_SOURCE=2' '-fpermissive' '-v' '-o' 'cmTryCompileExec' '-rdynamic' '-shared-libgcc' '-mtls-dialect=gnu' '-funwind-tables' '-D' '__CS_SOURCERYGXX_MAJ__=2014' '-D' '__CS_SOURCERYGXX_MIN__=5' '-D' '__CS_SOURCERYGXX_REV__=80']
  link line: [ /PROJ/oip/SDK/MG_20170106_M11_7.0.165p/MV_Tools/bin/../libexec/gcc/arm-none-linux-gnueabi/4.8.3/collect2 --sysroot=/PROJ/oip/SDK/MG_20170106_M11_7.0.165p/MV_Tools/bin/../arm-none-linux-gnueabi/libc/armv7-a-hard --eh-frame-hdr -export-dynamic -dynamic-linker /lib/ld-linux-armhf.so.3 -X -m armelf_linux_eabi -o cmTryCompileExec /PROJ/oip/SDK/MG_20170106_M11_7.0.165p/MV_Tools/bin/../arm-none-linux-gnueabi/libc/armv7-a-hard/usr/lib/crt1.o /PROJ/oip/SDK/MG_20170106_M11_7.0.165p/MV_Tools/bin/../arm-none-linux-gnueabi/libc/armv7-a-hard/usr/lib/crti.o /PROJ/oip/SDK/MG_20170106_M11_7.0.165p/MV_Tools/bin/../lib/gcc/arm-none-linux-gnueabi/4.8.3/armv7-a-hard/crtbegin.o -L/PROJ/oip/SDK/MG_20170106_M11_7.0.165p/MV_Tools/bin/../lib/gcc/arm-none-linux-gnueabi/4.8.3/armv7-a-hard -L/PROJ/oip/SDK/MG_20170106_M11_7.0.165p/MV_Tools/bin/../lib/gcc/arm-none-linux-gnueabi/4.8.3/../../../../arm-none-linux-gnueabi/lib/armv7-a-hard -L/PROJ/oip/SDK/MG_20170106_M11_7.0.165p/MV_Tools/bin/../lib/gcc/arm-none-linux-gnueabi/4.8.3 -L/PROJ/oip/SDK/MG_20170106_M11_7.0.165p/MV_Tools/bin/../lib/gcc -L/PROJ/oip/SDK/MG_20170106_M11_7.0.165p/MV_Tools/bin/../lib/gcc/arm-none-linux-gnueabi/4.8.3/../../../../arm-none-linux-gnueabi/lib -L/PROJ/oip/SDK/MG_20170106_M11_7.0.165p/MV_Tools/bin/../arm-none-linux-gnueabi/libc/armv7-a-hard/lib -L/PROJ/oip/SDK/MG_20170106_M11_7.0.165p/MV_Tools/bin/../arm-none-linux-gnueabi/libc/armv7-a-hard/usr/lib CMakeFiles/cmTryCompileExec.dir/CMakeCXXCompilerABI.cpp.o -lstdc++ -lm -lgcc_s -lgcc -lc -lgcc_s -lgcc /PROJ/oip/SDK/MG_20170106_M11_7.0.165p/MV_Tools/bin/../lib/gcc/arm-none-linux-gnueabi/4.8.3/armv7-a-hard/crtend.o /PROJ/oip/SDK/MG_20170106_M11_7.0.165p/MV_Tools/bin/../arm-none-linux-gnueabi/libc/armv7-a-hard/usr/lib/crtn.o]
    arg [/PROJ/oip/SDK/MG_20170106_M11_7.0.165p/MV_Tools/bin/../libexec/gcc/arm-none-linux-gnueabi/4.8.3/collect2] ==> ignore
    arg [--sysroot=/PROJ/oip/SDK/MG_20170106_M11_7.0.165p/MV_Tools/bin/../arm-none-linux-gnueabi/libc/armv7-a-hard] ==> ignore
    arg [--eh-frame-hdr] ==> ignore
    arg [-export-dynamic] ==> ignore
    arg [-dynamic-linker] ==> ignore
    arg [/lib/ld-linux-armhf.so.3] ==> ignore
    arg [-X] ==> ignore
    arg [-m] ==> ignore
    arg [armelf_linux_eabi] ==> ignore
    arg [-o] ==> ignore
    arg [cmTryCompileExec] ==> ignore
    arg [/PROJ/oip/SDK/MG_20170106_M11_7.0.165p/MV_Tools/bin/../arm-none-linux-gnueabi/libc/armv7-a-hard/usr/lib/crt1.o] ==> ignore
    arg [/PROJ/oip/SDK/MG_20170106_M11_7.0.165p/MV_Tools/bin/../arm-none-linux-gnueabi/libc/armv7-a-hard/usr/lib/crti.o] ==> ignore
    arg [/PROJ/oip/SDK/MG_20170106_M11_7.0.165p/MV_Tools/bin/../lib/gcc/arm-none-linux-gnueabi/4.8.3/armv7-a-hard/crtbegin.o] ==> ignore
    arg [-L/PROJ/oip/SDK/MG_20170106_M11_7.0.165p/MV_Tools/bin/../lib/gcc/arm-none-linux-gnueabi/4.8.3/armv7-a-hard] ==> dir [/PROJ/oip/SDK/MG_20170106_M11_7.0.165p/MV_Tools/bin/../lib/gcc/arm-none-linux-gnueabi/4.8.3/armv7-a-hard]
    arg [-L/PROJ/oip/SDK/MG_20170106_M11_7.0.165p/MV_Tools/bin/../lib/gcc/arm-none-linux-gnueabi/4.8.3/../../../../arm-none-linux-gnueabi/lib/armv7-a-hard] ==> dir [/PROJ/oip/SDK/MG_20170106_M11_7.0.165p/MV_Tools/bin/../lib/gcc/arm-none-linux-gnueabi/4.8.3/../../../../arm-none-linux-gnueabi/lib/armv7-a-hard]
    arg [-L/PROJ/oip/SDK/MG_20170106_M11_7.0.165p/MV_Tools/bin/../lib/gcc/arm-none-linux-gnueabi/4.8.3] ==> dir [/PROJ/oip/SDK/MG_20170106_M11_7.0.165p/MV_Tools/bin/../lib/gcc/arm-none-linux-gnueabi/4.8.3]
    arg [-L/PROJ/oip/SDK/MG_20170106_M11_7.0.165p/MV_Tools/bin/../lib/gcc] ==> dir [/PROJ/oip/SDK/MG_20170106_M11_7.0.165p/MV_Tools/bin/../lib/gcc]
    arg [-L/PROJ/oip/SDK/MG_20170106_M11_7.0.165p/MV_Tools/bin/../lib/gcc/arm-none-linux-gnueabi/4.8.3/../../../../arm-none-linux-gnueabi/lib] ==> dir [/PROJ/oip/SDK/MG_20170106_M11_7.0.165p/MV_Tools/bin/../lib/gcc/arm-none-linux-gnueabi/4.8.3/../../../../arm-none-linux-gnueabi/lib]
    arg [-L/PROJ/oip/SDK/MG_20170106_M11_7.0.165p/MV_Tools/bin/../arm-none-linux-gnueabi/libc/armv7-a-hard/lib] ==> dir [/PROJ/oip/SDK/MG_20170106_M11_7.0.165p/MV_Tools/bin/../arm-none-linux-gnueabi/libc/armv7-a-hard/lib]
    arg [-L/PROJ/oip/SDK/MG_20170106_M11_7.0.165p/MV_Tools/bin/../arm-none-linux-gnueabi/libc/armv7-a-hard/usr/lib] ==> dir [/PROJ/oip/SDK/MG_20170106_M11_7.0.165p/MV_Tools/bin/../arm-none-linux-gnueabi/libc/armv7-a-hard/usr/lib]
    arg [CMakeFiles/cmTryCompileExec.dir/CMakeCXXCompilerABI.cpp.o] ==> ignore
    arg [-lstdc++] ==> lib [stdc++]
    arg [-lm] ==> lib [m]
    arg [-lgcc_s] ==> lib [gcc_s]
    arg [-lgcc] ==> lib [gcc]
    arg [-lc] ==> lib [c]
    arg [-lgcc_s] ==> lib [gcc_s]
    arg [-lgcc] ==> lib [gcc]
    arg [/PROJ/oip/SDK/MG_20170106_M11_7.0.165p/MV_Tools/bin/../lib/gcc/arm-none-linux-gnueabi/4.8.3/armv7-a-hard/crtend.o] ==> ignore
    arg [/PROJ/oip/SDK/MG_20170106_M11_7.0.165p/MV_Tools/bin/../arm-none-linux-gnueabi/libc/armv7-a-hard/usr/lib/crtn.o] ==> ignore
  remove lib [gcc_s]
  remove lib [gcc]
  remove lib [gcc_s]
  remove lib [gcc]
  collapse dir [/PROJ/oip/SDK/MG_20170106_M11_7.0.165p/MV_Tools/bin/../lib/gcc/arm-none-linux-gnueabi/4.8.3/armv7-a-hard] ==> [/PROJ/oip/SDK/MG_20170106_M11_7.0.165p/MV_Tools/lib/gcc/arm-none-linux-gnueabi/4.8.3/armv7-a-hard]
  collapse dir [/PROJ/oip/SDK/MG_20170106_M11_7.0.165p/MV_Tools/bin/../lib/gcc/arm-none-linux-gnueabi/4.8.3/../../../../arm-none-linux-gnueabi/lib/armv7-a-hard] ==> [/PROJ/oip/SDK/MG_20170106_M11_7.0.165p/MV_Tools/arm-none-linux-gnueabi/lib/armv7-a-hard]
  collapse dir [/PROJ/oip/SDK/MG_20170106_M11_7.0.165p/MV_Tools/bin/../lib/gcc/arm-none-linux-gnueabi/4.8.3] ==> [/PROJ/oip/SDK/MG_20170106_M11_7.0.165p/MV_Tools/lib/gcc/arm-none-linux-gnueabi/4.8.3]
  collapse dir [/PROJ/oip/SDK/MG_20170106_M11_7.0.165p/MV_Tools/bin/../lib/gcc] ==> [/PROJ/oip/SDK/MG_20170106_M11_7.0.165p/MV_Tools/lib/gcc]
  collapse dir [/PROJ/oip/SDK/MG_20170106_M11_7.0.165p/MV_Tools/bin/../lib/gcc/arm-none-linux-gnueabi/4.8.3/../../../../arm-none-linux-gnueabi/lib] ==> [/PROJ/oip/SDK/MG_20170106_M11_7.0.165p/MV_Tools/arm-none-linux-gnueabi/lib]
  collapse dir [/PROJ/oip/SDK/MG_20170106_M11_7.0.165p/MV_Tools/bin/../arm-none-linux-gnueabi/libc/armv7-a-hard/lib] ==> [/PROJ/oip/SDK/MG_20170106_M11_7.0.165p/MV_Tools/arm-none-linux-gnueabi/libc/armv7-a-hard/lib]
  collapse dir [/PROJ/oip/SDK/MG_20170106_M11_7.0.165p/MV_Tools/bin/../arm-none-linux-gnueabi/libc/armv7-a-hard/usr/lib] ==> [/PROJ/oip/SDK/MG_20170106_M11_7.0.165p/MV_Tools/arm-none-linux-gnueabi/libc/armv7-a-hard/usr/lib]
  implicit libs: [stdc++;m;c]
  implicit dirs: [/PROJ/oip/SDK/MG_20170106_M11_7.0.165p/MV_Tools/lib/gcc/arm-none-linux-gnueabi/4.8.3/armv7-a-hard;/PROJ/oip/SDK/MG_20170106_M11_7.0.165p/MV_Tools/arm-none-linux-gnueabi/lib/armv7-a-hard;/PROJ/oip/SDK/MG_20170106_M11_7.0.165p/MV_Tools/lib/gcc/arm-none-linux-gnueabi/4.8.3;/PROJ/oip/SDK/MG_20170106_M11_7.0.165p/MV_Tools/lib/gcc;/PROJ/oip/SDK/MG_20170106_M11_7.0.165p/MV_Tools/arm-none-linux-gnueabi/lib;/PROJ/oip/SDK/MG_20170106_M11_7.0.165p/MV_Tools/arm-none-linux-gnueabi/libc/armv7-a-hard/lib;/PROJ/oip/SDK/MG_20170106_M11_7.0.165p/MV_Tools/arm-none-linux-gnueabi/libc/armv7-a-hard/usr/lib]


